enc-ckt has DFFs. running sequnetial attack...
dec method is: int
vebrosity: 0
key-condition sweeping mode: 2
BMC sweeping mode: 0
AIG mode : 0
Relative to kckt SAT-sweeping: 0
with propagation limit: -1
with mitter sweep: 0
BDD analysis option: 0
KC BDD size limit: 0
BMC bound limit: 600
frame: 0  stats -> variables: 20414 clauses: 50871 assignments: 0  propagations: 0
adding termination links
DIS iter: 0
  DIP clk_0 -> 000000100000000000000000000000000000000000000000000000000000000000000000000000000000000000000000000000000000000000000000001100000111010101000001101101011100100000100101101110100000000000001001100100011000010001110000000100010000000100100100  1000101000101001001110110000110001011000101100111010101100001100
extending to 1
depth[1]: key-condition circuit num gates: 16499
  dis: 1 stats -> variables: 36914 clauses: 93887 assignments: 5683  propagations: 81068
DIS iter: 1
  DIP clk_0 -> 000000001101100100010001110010010111000000000111000110110000000100000000000000000000000000000000000000000000000000000000101011100110111101000101010000001111000110100100000111011101100010001000000100000000100010100011111100100010100100001101  1111101010001000101110101000100000001001110110000000101110001101
depth[1]: key-condition circuit num gates: 32999
  dis: 2 stats -> variables: 53413 clauses: 136647 assignments: 11411  propagations: 2496753
DIS iter: 2
  DIP clk_0 -> 000001101110000111101000110010110110101000100111000110110001001000000000000000000000000000000000000000000000000000000000011011001101111000000001111001001101111010100100001010111101100000100000000100001010001111100010111110001100000110100111  1010001000001010101000100010001010000010001010100000001000101010
depth[1]: key-condition circuit num gates: 49499
  dis: 3 stats -> variables: 69912 clauses: 179407 assignments: 12409  propagations: 6640824
DIS iter: 3
  DIP clk_0 -> 000000100011110000000111010101001101001111000001011000000001100100001101010110011010111100011100010011110100100111000010111000110011100001010111111001100001000011011111101111010000000110001011100110101111110000101011100010011111011100010111  0010100110100011101100100111111000000011000010111101010110010111
depth[1]: key-condition circuit num gates: 65999
  dis: 4 stats -> variables: 86411 clauses: 222167 assignments: 23954  propagations: 23146777
DIS iter: 4
  DIP clk_0 -> 100110000111101010001101101101111111100110100000010110011010110001100101011110111011100101001010110110100001000100001111110111010000001101110001000100010000001001101111101111010111000100100001100111100101111010001001000000101101111110000001  0000101010001010100010101000101010100000000000100000001000000000

performing non-AIG (RBC) FRAIG
sim data size: 4000
sim data size: 4010
sim data size: 4020
sim data size: 4030
sim data size: 4040
sim data size: 4050
sim data size: 4060
strashed nodes: 4879
equals: 4298
timed out: 0 / 4368   num nodes: 83455  time: 6.80974
 sim time: 3.29575
 ref time: 0
 sat time: 2.01432
timed out: 0 / 4368
called commit for circuit
orig gates: 82499
commit time: 6.33434
new gates: 73061
sweep saved gates : 82499 - 9438 = 73061 (%11.44)
restarting using ckt
 restarting to new circuit with nr : 1
adding termination links
depth[1]: key-condition circuit num gates: 73061
  dis: 5 stats -> variables: 93476 clauses: 241335 assignments: 26117  propagations: 26117
DIS iter: 5
  DIP clk_0 -> 000000101010011001100001100011110100000001000001100000100111100101100001010000100110010100110100100010011010100011011110010011000110001010001111110000001001100000011110001010111111010001000100111001000000110010011001101000010011101101101101  0101011001000100011011001010010000011011001010111011100101000111
depth[1]: key-condition circuit num gates: 89561
  dis: 6 stats -> variables: 109975 clauses: 284095 assignments: 33899  propagations: 19477903
DIS iter: 6
  DIP clk_0 -> 000110100000010100011011111100100110111100010111110100110000011101001100000011010000011001011110001001011011101010000110110011000010001100101010010001001001001001100111010000111010111100110100010110100101110000001001100100110001100100111001  0010000010101010100000001010100010000010001000100010101000000010
depth[1]: key-condition circuit num gates: 106061
  dis: 7 stats -> variables: 126474 clauses: 326855 assignments: 44296  propagations: 32590620
DIS iter: 7
  DIP clk_0 -> 101010000000111001111101101101000101101001000001000101101100011010101110101110000011010111100100001011001100101001011001110001101000001000001001001000010001101101010000010000101010111100110100010110100101111000001001100100110001100110011001  0010100000000000000000000010101000101000000000000000100000101010
depth[1]: key-condition circuit num gates: 122561
  dis: 8 stats -> variables: 142973 clauses: 369615 assignments: 90660  propagations: 45729880
DIS iter: 8
  DIP clk_0 -> 100010101011010010011100000000001010011010100111001100101000100100101101000100010010000001000000011011110011001000001000001011010000100100110000010000000110110010100010000010000010011011011001000000101000100100110100101010011111010011101111  0010001000101000101000001000000000100010101010001000000000100010

performing non-AIG (RBC) FRAIG
sim data size: 4000
sim data size: 4010
sim data size: 4020
sim data size: 4030
sim data size: 4040
sim data size: 4050
sim data size: 4060
sim data size: 4070
sim data size: 4080
sim data size: 4090
sim data size: 4100
sim data size: 4110
sim data size: 4120
sim data size: 4130
strashed nodes: 6703
equals: 3326
timed out: 0 / 3466   num nodes: 140017  time: 20.6899
 sim time: 11.6453
 ref time: 0
 sat time: 6.94812
timed out: 0 / 3466
called commit for circuit
orig gates: 139061
commit time: 17.2492
new gates: 128789
sweep saved gates : 139061 - 10272 = 128789 (%7.39)
restarting using ckt
 restarting to new circuit with nr : 1
adding termination links
depth[1]: key-condition circuit num gates: 128789
  dis: 9 stats -> variables: 149204 clauses: 386145 assignments: 48227  propagations: 48227
DIS iter: 9
  DIP clk_0 -> 000000101010011111110111011011001100011010101110100111010010111100000000000000000000000000000000000000000000000000000000000101100011110011111110111101111110000010110101111011101101010000101100100010000000101110011010001011000000011010010101  1101011010100100001000101010100100110000000001101000010000110101
depth[1]: key-condition circuit num gates: 145289
  dis: 10 stats -> variables: 165703 clauses: 428905 assignments: 87262  propagations: 25535471
DIS iter: 10
  DIP clk_0 -> 110000100010001111110111011001001000011000100110101111010010000100000000000000000000000000000000000000000000000000000000011100010111010010011101010101101001100101100010101001101011011011110111000100110001000000100001100101111001110011110100  1010100010100000100010100010001010101010001010101010100000100010
depth[1]: key-condition circuit num gates: 161789
  dis: 11 stats -> variables: 182202 clauses: 471665 assignments: 100954  propagations: 30759962
DIS iter: 11
  DIP clk_0 -> 000101000000101000100000110010110010100100010011000001001101000000110010010010100011011101101110110010100111000000000000100000100010000010010101010001000001001001010001010110101010001010100010000000100000000000100000100000101000100010100000  1010001000001000101010100010101010001010001000101010000000000010
depth[1]: key-condition circuit num gates: 178289
  dis: 12 stats -> variables: 198701 clauses: 514425 assignments: 152139  propagations: 41881695
c
c Try to adapt solver strategies
c 
c Nothing extreme in this problem, continue with glucose default strategies.
c
frame: 1  stats -> variables: 217898 clauses: 565040 assignments: 164002  propagations: 175605644
no trace up to bound 2
increasing bmc bound to 3
termination checking up to round: 1. current BMC checked bound: 1
reached combinational termination!

sat_time:  0.000000
term_time: 26.146976
gen_time:  0.000000
bmc_time:  92.148486
simp_time: 52.178668
total_time: 3038.489767

dis_count: 12
dis_maxlen: 1

[1;31mkey=[0m[1;31m1[0m[1;31m1[0m[1;31m0[0m[1;31m0[0m[1;31m1[0m[1;31m1[0m[1;31m1[0m[1;31m1[0m[1;31m1[0m[1;31m1[0m[1;31m1[0m[1;31m1[0m[1;31m1[0m[1;31m1[0m[1;31m0[0m[1;31m0[0m[1;31m1[0m[1;31m1[0m[1;31m1[0m[1;31m1[0m[1;31m1[0m[1;31m1[0m[1;31m0[0m[1;31m0[0m[1;31m1[0m[1;31m1[0m[1;31m0[0m[1;31m0[0m[1;31m0[0m[1;31m0[0m[1;31m1[0m[1;31m1[0m[1;31m1[0m[1;31m1[0m[1;31m1[0m[1;31m1[0m[1;31m0[0m[1;31m0[0m[1;31m0[0m[1;31m0[0m[1;31m1[0m[1;31m1[0m[1;31m0[0m[1;31m0[0m[1;31m1[0m[1;31m1[0m[1;31m0[0m[1;31m0[0m[1;31m1[0m[1;31m1[0m[1;31m0[0m[1;31m0[0m[1;31m1[0m[1;31m1[0m[1;31m0[0m[1;31m0[0m[1;31m1[0m[1;31m1[0m[1;31m0[0m[1;31m0[0m[1;31m1[0m[1;31m1[0m[1;31m1[0m[1;31m1[0m[1;31m1[0m[1;31m1[0m[1;31m0[0m[1;31m0[0m[1;31m1[0m[1;31m1[0m[1;31m0[0m[1;31m0[0m[1;31m1[0m[1;31m1[0m[1;31m0[0m[1;31m0[0m[1;31m1[0m[1;31m1[0m[1;31m1[0m[1;31m1[0m[1;31m1[0m[1;31m1[0m[1;31m0[0m[1;31m0[0m[1;31m1[0m[1;31m1[0m[1;31m1[0m[1;31m1[0m[1;31m1[0m[1;31m1[0m[1;31m1[0m[1;31m1[0m[1;31m1[0m[1;31m1[0m[1;31m0[0m[1;31m0[0m[1;31m0[0m[1;31m0[0m[1;31m1[0m[1;31m1[0m[1;31m1[0m[1;31m1[0m[1;31m1[0m[1;31m1[0m[1;31m0[0m[1;31m0[0m[1;31m1[0m[1;31m1[0m[1;31m1[0m[1;31m1[0m[1;31m1[0m[1;31m1[0m[1;31m1[0m[1;31m1[0m[1;31m1[0m[1;31m1[0m[1;31m1[0m[1;31m1[0m[1;31m1[0m[1;31m1[0m[1;31m1[0m[1;31m1[0m[1;31m1[0m[1;31m1[0m[1;31m1[0m[1;31m1[0m[1;31m1[0m[1;31m1[0m[1;31m1[0m[1;31m1[0m[1;31m1[0m[1;31m1[0m[1;31m0[0m[1;31m0[0m[1;31m0[0m[1;31m0[0m[1;31m1[0m[1;31m1[0m[1;31m0[0m[1;31m0[0m[1;31m1[0m[1;31m1[0m[1;31m1[0m[1;31m1[0m[1;31m0[0m[1;31m0[0m[1;31m1[0m[1;31m1[0m[1;31m1[0m[1;31m1[0m[1;31m1[0m[1;31m1[0m[1;31m0[0m[1;31m0[0m[1;31m1[0m[1;31m1[0m[1;31m1[0m[1;31m1[0m[1;31m1[0m[1;31m1[0m[1;31m1[0m[1;31m1[0m[1;31m1[0m[1;31m1[0m[1;31m1[0m[1;31m1[0m[1;31m1[0m[1;31m1[0m[1;31m0[0m[1;31m0[0m[1;31m1[0m[1;31m1[0m[1;31m1[0m[1;31m1[0m[1;31m0[0m[1;31m0[0m[1;31m1[0m[1;31m1[0m[1;31m1[0m[1;31m1[0m[1;31m0[0m[1;31m0[0m[1;31m1[0m[1;31m1[0m[1;31m1[0m[1;31m1[0m[1;31m0[0m[1;31m0[0m[1;31m1[0m[1;31m1[0m[1;31m0[0m[1;31m0[0m[1;31m0[0m[1;31m0[0m[1;31m1[0m[1;31m1[0m[1;31m1[0m[1;31m1[0m[1;31m1[0m[1;31m1[0m[1;31m1[0m[1;31m1[0m[1;31m0[0m[1;31m0[0m[1;31m1[0m[1;31m1[0m[1;31m1[0m[1;31m1[0m[1;31m0[0m[1;31m0[0m[1;31m0[0m[1;31m0[0m[1;31m1[0m[1;31m1[0m[1;31m0[0m[1;31m0[0m[1;31m1[0m[1;31m1[0m[1;31m1[0m[1;31m1[0m[1;31m1[0m[1;31m1[0m[1;31m0[0m[1;31m0[0m[1;31m1[0m[1;31m1[0m[1;31m0[0m[1;31m0[0m[1;31m1[0m[1;31m1[0m[1;31m0[0m[1;31m0[0m[1;31m0[0m[1;31m0[0m[1;31m1[0m[1;31m1[0m[1;31m0[0m[1;31m0[0m[1;31m1[0m[1;31m1[0m[1;31m1[0m[1;31m1[0m[1;31m0[0m[1;31m0[0m[1;31m1[0m[1;31m1[0m[1;31m1[0m[1;31m1[0m[1;31m0[0m[1;31m0[0m[1;31m1[0m[1;31m1[0m[1;31m0[0m[1;31m0[0m[1;31m1[0m[1;31m1[0m[1;31m1[0m[1;31m1[0m[1;31m1[0m[1;31m1[0m[1;31m0[0m[1;31m0[0m[1;31m0[0m[1;31m0[0m[1;31m1[0m[1;31m1[0m[1;31m1[0m[1;31m1[0m[1;31m1[0m[1;31m1[0m[1;31m0[0m[1;31m0[0m[1;31m1[0m[1;31m1[0m[1;31m1[0m[1;31m1[0m[1;31m0[0m[1;31m0[0m[1;31m0[0m[1;31m0[0m[1;31m1[0m[1;31m1[0m[1;31m1[0m[1;31m1[0m[1;31m0[0m[1;31m0[0m[1;31m0[0m[1;31m0[0m[1;31m0[0m[1;31m0[0m[1;31m1[0m[1;31m1[0m[1;31m1[0m[1;31m1[0m[1;31m1[0m[1;31m1[0m[1;31m1[0m[1;31m1[0m[1;31m1[0m[1;31m1[0m[1;31m0[0m[1;31m0[0m[1;31m1[0m[1;31m1[0m[1;31m1[0m[1;31m1[0m[1;31m0[0m[1;31m0[0m[1;31m1[0m[1;31m1[0m[1;31m1[0m[1;31m1[0m[1;31m1[0m[1;31m1[0m[1;31m1[0m[1;31m1[0m[1;31m1[0m[1;31m1[0m[1;31m1[0m[1;31m1[0m[1;31m1[0m[1;31m1[0m[1;31m1[0m[1;31m1[0m[1;31m1[0m[1;31m1[0m[1;31m1[0m[1;31m1[0m[1;31m1[0m[1;31m1[0m[1;31m1[0m[1;31m1[0m[1;31m1[0m[1;31m1[0m[1;31m1[0m[1;31m1[0m[1;31m0[0m[1;31m0[0m[1;31m1[0m[1;31m1[0m[1;31m1[0m[1;31m1[0m[1;31m1[0m[1;31m1[0m[1;31m0[0m[1;31m0[0m[1;31m1[0m[1;31m1[0m[1;31m0[0m[1;31m0[0m[1;31m0[0m[1;31m0[0m[1;31m1[0m[1;31m1[0m[1;31m0[0m[1;31m0[0m[1;31m0[0m[1;31m0[0m[1;31m0[0m[1;31m0[0m[1;31m0[0m[1;31m0[0m[1;31m0[0m[1;31m0[0m[1;31m1[0m[1;31m1[0m[1;31m1[0m[1;31m1[0m[1;31m1[0m[1;31m1[0m[1;31m1[0m[1;31m1[0m[1;31m1[0m[1;31m1[0m[1;31m0[0m[1;31m0[0m[1;31m1[0m[1;31m1[0m[1;31m1[0m[1;31m1[0m[1;31m1[0m[1;31m1[0m[1;31m0[0m[1;31m0[0m[1;31m1[0m[1;31m1[0m[1;31m0[0m[1;31m0[0m[1;31m0[0m[1;31m0[0m[1;31m0[0m[1;31m0[0m[1;31m1[0m[1;31m1[0m[1;31m1[0m[1;31m1[0m[1;31m1[0m[1;31m1[0m[1;31m0[0m[1;31m0[0m[1;31m1[0m[1;31m1[0m[1;31m0[0m[1;31m0[0m[1;31m1[0m[1;31m1[0m[1;31m0[0m[1;31m0[0m[1;31m0[0m[1;31m0[0m[1;31m0[0m[1;31m0[0m[1;31m1[0m[1;31m1[0m[1;31m0[0m[1;31m0[0m[1;31m1[0m[1;31m1[0m[1;31m0[0m[1;31m0[0m[1;31m0[0m[1;31m0[0m[1;31m1[0m[1;31m1[0m[1;31m0[0m[1;31m0[0m[1;31m1[0m[1;31m1[0m[1;31m1[0m[1;31m1[0m[1;31m1[0m[1;31m1[0m[1;31m1[0m[1;31m1[0m[1;31m0[0m[1;31m0[0m[1;31m1[0m[1;31m1[0m[1;31m1[0m[1;31m1[0m[1;31m1[0m[1;31m1[0m[1;31m1[0m[1;31m1[0m[1;31m0[0m[1;31m0[0m[1;31m1[0m[1;31m1[0m[1;31m1[0m[1;31m1[0m[1;31m0[0m[1;31m0[0m[1;31m0[0m[1;31m0[0m[1;31m1[0m[1;31m1[0m[1;31m0[0m[1;31m0[0m[1;31m0[0m[1;31m0[0m[1;31m1[0m[1;31m1[0m[1;31m1[0m[1;31m1[0m[1;31m0[0m[1;31m0[0m[1;31m1[0m[1;31m1[0m[1;31m1[0m[1;31m1[0m[1;31m0[0m[1;31m0[0m[1;31m1[0m[1;31m1[0m[1;31m1[0m[1;31m1[0m[1;31m1[0m[1;31m1[0m[1;31m0[0m[1;31m0[0m
checking key

NEOS : /home/jonti/jonti_share/neos/bin/neos
UC Berkeley, ABC 1.01 (compiled Apr 22 2020 16:07:37)
abc 01> dsec ./tmp70478/cir1.bench  ./tmp70478/cir2.bench
Warning: 256 registers in this network have don't-care init values.
The don't-care are assumed to be 0. The result may not verify.
Use command "print_latch" to see the init values of registers.
Use command "zero" to convert or "init" to change the values.
Networks are equivalent.  Time =     0.02 sec

equivalent

done
