enc-ckt has DFFs. running sequnetial attack...
dec method is: int
vebrosity: 0
key-condition sweeping mode: 2
BMC sweeping mode: 0
AIG mode : 0
Relative to kckt SAT-sweeping: 0
with propagation limit: -1
with mitter sweep: 0
BDD analysis option: 0
KC BDD size limit: 0
BMC bound limit: 600
frame: 0  stats -> variables: 82059 clauses: 209196 assignments: 0  propagations: 0
no trace up to bound 1
adding termination links
frame: 1  stats -> variables: 162022 clauses: 418392 assignments: 0  propagations: 691345
no trace up to bound 2
increasing bmc bound to 3
termination checking up to round: 1. current BMC checked bound: 1
frame: 2  stats -> variables: 241984 clauses: 626528 assignments: 0  propagations: 3755315
DIS iter: 0
  DIP clk_0 -> 0101100001111100011000011001110111010001110101011101111010000100010101000010010010000010000100001000111011001100101011111100001100111000110010101100101110111111111001011000010000000010111100111011100000110000000000111011111100100100100111100100101100011011000  000000000000000000000000000000000000000000000000000000000000000000000000000000000000000000000000000000000000000000000000000000000
  DIP clk_1 -> 1111001101111101111011101111001011001000010111001001011110001111010101010100101000111111000010010100100000001101001010110011001001111101101010101111111111110011110010100100000101000100101100110001101000110101010001010110111111100100010001010100001100110101010  001111101100011011000110110001101100011011000110110001101100001001000010110000100101001010111101110001101100011011000110110001100
  DIP clk_2 -> 1001101100000111010001001000101001000111010101101000100000110111001010010101111000000000010100001011001010000000100010010110011111011010110011110011000001010100101010100011111000101001000010001101011010000001111110101000111000011001001111001111110110011101000  000101111001101010001101101110010111011000011101010110101110110100011001111100100001100110010000111101000001100110101101000100010
extending to 3
depth[3]: key-condition circuit num gates: 3758
  dis: 1 stats -> variables: 245743 clauses: 635197 assignments: 2453  propagations: 10567554
termination checking up to round: 1. current BMC checked bound: 1
DIS iter: 1
  DIP clk_0 -> 0001100010100001011000011001110110010001010100101111111000011101010001000011001000001010000000011110111011000101011011111000101100111000110001101100001010111111111001011000000010000010101000101011100010110001010100111011011101100100100101111000100100000011001  000000000000000000000000000000000000000000000000000000000000000000000000000000000000000000000000000000000000000000000000000000000
  DIP clk_1 -> 1111001010101101111011101111001011001000010111101011010100000111010101010101100010110111010010011001110010001100111011111111001000111101101010101111011011110011110010100100000101000100101100110001101010010100010101010110111010100100010001001100100101110101011  001111101100011011000110110001101100011011000110110001101100001001000010110000100101001010111101110001101100011011000110110001100
  DIP clk_2 -> 1001101011010111010001001000101000000111010101001010100010111110001110011101111010001100010100011011001010000000000111010110011111011010110011110011000101010100101010100011111010101001010010001101011011000001101011101000111000001001001111110011011111011101001  010011011111100110111110100101011010010110001101111101100100000100011111000000100100000110100000110111000001101000000100010101000
depth[3]: key-condition circuit num gates: 7517
  dis: 2 stats -> variables: 249501 clauses: 643866 assignments: 5815  propagations: 20409127
termination checking up to round: 1. current BMC checked bound: 1
no trace up to bound 3
increasing bmc bound to 4
termination checking up to round: 2. current BMC checked bound: 2
frame: 3  stats -> variables: 329463 clauses: 852002 assignments: 7417  propagations: 180801481
DIS iter: 2
  DIP clk_0 -> 1111100010100010001101110001100010111100101110010011100100010010111100101011000000000111001100111101100001000001111110111111011101111110010111111000101110110111100001011001000011011011001011011011001000001001000010111111010000010001101101010111000011010010001  000000000000000000000000000000000000000000000000000000000000000000000000000000000000000000000000000000000000000000000000000000000
  DIP clk_1 -> 0011111110011110101011000010010001100010000100110101000100011001011111010000000001011100001110100111101011110101001010100010111010110111011100110110110001010111000001000110100000101111011110011111011100011000110010110001000101100001101001111010111101101010001  001111101100011011000110110001101100011011000110110001101100001001000010110000100101001010111101110001101100011011000110110001100
  DIP clk_2 -> 1111001110011111010010000110110111011001110101111101110111111101111000100100111101001000011100100100110101111101101111100010111111001101001101111001111000110011011000001101101000011001110101100001010100111100001101000100110100110011111001010010011010011011001  101011011111101011101000000100001000100001100110001100010100111010101001100000000100110010010010111010101001111010010000001010000
  DIP clk_3 -> 0000001001100100110001000110011101000010001110111010001101100100001010000000100001110100000010000110001000000100010001100101100000110111010000011110111100001111100001101010110001000010110000011011011110000111101100100110001100111000000110000011101010100100011  010001011100000011010000010000111010101110111011101101010111110000001011000101001100110111111000100011011011000100000001101111000
extending to 4
depth[4]: key-condition circuit num gates: 82713
  dis: 3 stats -> variables: 404658 clauses: 1043494 assignments: 32196  propagations: 263564168
termination checking up to round: 2. current BMC checked bound: 2
c
c Try to adapt solver strategies
c 
c Nothing extreme in this problem, continue with glucose default strategies.
c
no trace up to bound 4
increasing bmc bound to 5
termination checking up to round: 3. current BMC checked bound: 3
frame: 4  stats -> variables: 484620 clauses: 1251630 assignments: 83475  propagations: 981600063
no trace up to bound 5
increasing bmc bound to 6
termination checking up to round: 3. current BMC checked bound: 4
frame: 5  stats -> variables: 564582 clauses: 1459766 assignments: 83921  propagations: 8512479921
no trace up to bound 6
increasing bmc bound to 7
termination checking up to round: 3. current BMC checked bound: 5
frame: 6  stats -> variables: 644544 clauses: 1667902 assignments: 84465  propagations: 15582863333
no trace up to bound 7
increasing bmc bound to 8
termination checking up to round: 3. current BMC checked bound: 6
frame: 7  stats -> variables: 724506 clauses: 1876038 assignments: 84952  propagations: 31643946142
no trace up to bound 8
increasing bmc bound to 9
termination checking up to round: 3. current BMC checked bound: 7
frame: 8  stats -> variables: 804468 clauses: 2084174 assignments: 85486  propagations: 36455598505
no trace up to bound 9
increasing bmc bound to 10
termination checking up to round: 3. current BMC checked bound: 8
frame: 9  stats -> variables: 884430 clauses: 2292310 assignments: 85909  propagations: 43983251580
no trace up to bound 10
increasing bmc bound to 11
termination checking up to round: 3. current BMC checked bound: 9
frame: 10  stats -> variables: 964392 clauses: 2500446 assignments: 86445  propagations: 58650727108
no trace up to bound 11
increasing bmc bound to 12
termination checking up to round: 3. current BMC checked bound: 10
frame: 11  stats -> variables: 1044354 clauses: 2708582 assignments: 86805  propagations: 77231123649
time out!
