enc-ckt has DFFs. running sequnetial attack...
dec method is: int
vebrosity: 0
key-condition sweeping mode: 2
BMC sweeping mode: 0
AIG mode : 0
Relative to kckt SAT-sweeping: 0
with propagation limit: -1
with mitter sweep: 0
BDD analysis option: 0
KC BDD size limit: 0
BMC bound limit: 600
frame: 0  stats -> variables: 43482 clauses: 108593 assignments: 0  propagations: 0
adding termination links
DIS iter: 0
  DIP clk_0 -> 001000000000000000000000000001  0000000000000000100011100000000000000000001000000001000000000000000000000000000000000000000000001111111111
extending to 1
depth[1]: key-condition circuit num gates: 59
  dis: 1 stats -> variables: 43542 clauses: 111847 assignments: 49  propagations: 130718
DIS iter: 1
  DIP clk_0 -> 001000000000000000000000010001  0000000000000000100011100000000000000000001000000001000000000000000000000000000000000000000000001111111111
depth[1]: key-condition circuit num gates: 119
  dis: 2 stats -> variables: 43601 clauses: 111973 assignments: 98  propagations: 317079
DIS iter: 2
  DIP clk_0 -> 001000000000000000000000000011  0000000000000000100011100000000000000000001000000001000000000000000000000000000000000000000000001000011101
depth[1]: key-condition circuit num gates: 179
  dis: 3 stats -> variables: 43660 clauses: 112099 assignments: 157  propagations: 404630
frame: 1  stats -> variables: 83893 clauses: 217564 assignments: 173  propagations: 531888
DIS iter: 3
  DIP clk_0 -> 000110000000000001101011000111  0000000000000000100011100000000000000000001000000001000000000000000000000000000000000000000000001000011101
  DIP clk_1 -> 001001000000001001000011100000  0000000010000000101011000000000000000000001000000001001001000000000010000010000000010000000010000111101111
extending to 2
depth[2]: key-condition circuit num gates: 393
  dis: 4 stats -> variables: 84106 clauses: 218052 assignments: 376  propagations: 628958
no trace up to bound 2
increasing bmc bound to 3
termination checking up to round: 1. current BMC checked bound: 1
frame: 2  stats -> variables: 124339 clauses: 323517 assignments: 391  propagations: 3445311
DIS iter: 4
  DIP clk_0 -> 001111011001011101101011001011  0000000000000000100011100000000000000000001000000001000000000000000000000000000000000000000000001000011101
  DIP clk_1 -> 001000000001101011100011100110  0000000010000000101011000000000000000000001000000001001001000001000010000000000000000000000010000000000000
  DIP clk_2 -> 001000011000100001010011001011  0000000001110100001110010010100101010101001101000100001101101011000111000000000000000000000010001000011101
extending to 3

performing non-AIG (RBC) FRAIG
strashed nodes: 283
equals: 996
timed out: 0 / 996   num nodes: 1696  time: 0.0783174
 sim time: 0.00105154
 ref time: 0
 sat time: 0.00608786
timed out: 0 / 996
called commit for circuit
orig gates: 1604
commit time: 0.00891642
new gates: 305
sweep saved gates : 1604 - 1299 = 305 (%80.99)
restarting using ckt
 restarting to new circuit with nr : 3
adding termination links
depth[3]: key-condition circuit num gates: 305
  dis: 5 stats -> variables: 124254 clauses: 323533 assignments: 41  propagations: 41
termination checking up to round: 2. current BMC checked bound: 2
DIS iter: 5
  DIP clk_0 -> 000010110000101000011110000110  0000000000000000100011100000000000000000001000000001000000000000000000000000000000000000000000001000011101
  DIP clk_1 -> 000110101101011111101110100011  0000000000000000101011000000000000000000001000000001001001000000000010000010000000010000000010000000000000
  DIP clk_2 -> 001111101000101011010001001011  0000000010000000001110010000000100010100001101000100001101000000000011000000000000000000000010001000010101
depth[3]: key-condition circuit num gates: 1516
  dis: 6 stats -> variables: 125464 clauses: 326488 assignments: 936  propagations: 13516099
termination checking up to round: 2. current BMC checked bound: 2
no trace up to bound 3
increasing bmc bound to 4
termination checking up to round: 2. current BMC checked bound: 2
frame: 3  stats -> variables: 165697 clauses: 431953 assignments: 956  propagations: 18816268
DIS iter: 6
  DIP clk_0 -> 001010100010011001110000101010  0000000000000000100011100000000000000000001000000001000000000000000000000000000000000000000000001000011101
  DIP clk_1 -> 001110101111001011001011001011  0000000000000000101011000000000000000000001000000001001001000001000010000000000000000000000010000000000000
  DIP clk_2 -> 000111101111101011001011101110  0000000011110100001110010010100101010101001101000100001101101011000111000000000000000000000010001000010101
  DIP clk_3 -> 001100010000110100110000110101  0111011101110100000100111011101111111111110111111110010110111110011101111100000000000000000010000111111111
extending to 4
depth[4]: key-condition circuit num gates: 4178
  dis: 7 stats -> variables: 168358 clauses: 438399 assignments: 3241  propagations: 19528782
termination checking up to round: 2. current BMC checked bound: 2
no trace up to bound 4
increasing bmc bound to 5
termination checking up to round: 3. current BMC checked bound: 3
frame: 4  stats -> variables: 208591 clauses: 543864 assignments: 3789  propagations: 38132663
no trace up to bound 5
increasing bmc bound to 6
termination checking up to round: 3. current BMC checked bound: 4
frame: 5  stats -> variables: 248824 clauses: 649329 assignments: 3952  propagations: 50331390
no trace up to bound 6
increasing bmc bound to 7
termination checking up to round: 3. current BMC checked bound: 5
frame: 6  stats -> variables: 289057 clauses: 754794 assignments: 4109  propagations: 71374681
no trace up to bound 7
increasing bmc bound to 8
termination checking up to round: 3. current BMC checked bound: 6
frame: 7  stats -> variables: 329290 clauses: 860259 assignments: 4641  propagations: 103348989
no trace up to bound 8
increasing bmc bound to 9
termination checking up to round: 3. current BMC checked bound: 7
frame: 8  stats -> variables: 369523 clauses: 965724 assignments: 4693  propagations: 144916205
no trace up to bound 9
increasing bmc bound to 10
termination checking up to round: 3. current BMC checked bound: 8
frame: 9  stats -> variables: 409756 clauses: 1071189 assignments: 5104  propagations: 214907982
DIS iter: 7
  DIP clk_0 -> 001100111111101110101001110110  0000000000000000100011100000000000000000001000000001000000000000000000000000000000000000000000001111111111
  DIP clk_1 -> 001110010101100000010100011110  0000000000000000101011000000000000000000001000000001001001000001000010000010000000010000000010000111101111
  DIP clk_2 -> 001101000100010010100101100100  0000000001110100001110010010100101010101001101000100001101101011000111000000000000000000000010001111101111
  DIP clk_3 -> 001010001101100010100100001011  1010000101110100100001101111101011101011010010111011010011111111111100100000000000000000000010000000000000
  DIP clk_4 -> 000101111011011111110101001111  1010000111110100101011000111101011001011001010100011001001111111101100100001111111101111111110001000011101
  DIP clk_5 -> 001100000110011110110011001000  1010000111110100001110010111101111011111001111100110001101111110101101100000000000001111111110001111101111
  DIP clk_6 -> 000111100110011011010100100111  1010000100000000000100111101001110111110010111111110010111010101111001100001111111100000000010000000000000
  DIP clk_7 -> 001100000101000100110111001111  0011111011110100000100111010110101110101110101011100110111101010110111001000000000000000000010001000010101
  DIP clk_8 -> 000100000001000000100100000001  0011111010000000000100111001011110111110110111111110110111010101111011101001111111101111111110001111101111
  DIP clk_9 -> 000110100000000000000000111010  1011101111110100000100111010100101110101010101011100110111101010110111000010000000010011100110001111101111
extending to 10
depth[10]: key-condition circuit num gates: 53670
  dis: 8 stats -> variables: 459247 clauses: 1189725 assignments: 47038  propagations: 245772511
termination checking up to round: 3. current BMC checked bound: 8
DIS iter: 8
  DIP clk_0 -> 001111111111111111111111111010  0000000000000000100011100000000000000000001000000001000000000000000000000000000000000000000000001111111111
  DIP clk_1 -> 001101001110100011110001010010  0000000000000000101011000000000000000000001000000001001001000001000010000000000000000000000010000111101111
  DIP clk_2 -> 001111011101111110111111001110  0000000001110100001110010010100101010101001101000100001101101011000111000000000000000000000010001000000000
  DIP clk_3 -> 001010011101011001111010101011  0110111001110100100001101111101011101011010010111011010011111111111100101100000000000000000010000000011101
  DIP clk_4 -> 000111111110011100011110101100  0110111011110100101011000111101011001011001010100011001001111111101100101101111111101111111110001111101111
  DIP clk_5 -> 001110011111011011000110001101  0110111001110100001110010111101111011111001111100110001101111110101101101100000000001111111110000111101111
  DIP clk_6 -> 000111011110011010011000100010  0110111010000000000100111101001110111110010111111110010111010101111001101101111111100000000010001000000000
  DIP clk_7 -> 001100100100011101011000001010  1111010101110100000100111010110101110101110101011100010110101010010101001100000000001111111110000000010101
  DIP clk_8 -> 000110000001000000100100101011  1111010100000000000100111001011110111110110111111110010110010101011001101100000000001111111110001000000000
  DIP clk_9 -> 001101100010000100000001001010  0110000011110100100001101010110001100001110000011001110011101010110100010001011000101111111110000000011101

performing non-AIG (RBC) FRAIG
sim data size: 4000
sim data size: 4010
sim data size: 4020
sim data size: 4030
sim data size: 4040
strashed nodes: 19310
equals: 81108
timed out: 0 / 81158   num nodes: 103274  time: 64.6378
 sim time: 2.13889
 ref time: 0
 sat time: 4.87716
timed out: 0 / 81158
called commit for circuit
orig gates: 103162
commit time: 5.77236
new gates: 672
sweep saved gates : 103162 - 102490 = 672 (%99.35)
restarting using ckt
 restarting to new circuit with nr : 10
adding termination links
depth[10]: key-condition circuit num gates: 672
  dis: 9 stats -> variables: 406252 clauses: 1063912 assignments: 672  propagations: 672
termination checking up to round: 3. current BMC checked bound: 9
DIS iter: 9
  DIP clk_0 -> 000110110111111111100000001110  0000000000000000100011100000000000000000001000000001000000000000000000000000000000000000000000001000011101
  DIP clk_1 -> 001110100100010100111011101000  0000000000000000101011000000000000000000001000000001001001000000000010000000000000000000000010000111101111
  DIP clk_2 -> 001101110110000011010000100110  0000000000000000001110010000000100010100001101000100001101000001000011000000000000000000000010001000000000
  DIP clk_3 -> 000101010001100010111101000111  0011101001110100100001101010110001100001010000011001110011101011110110010000000000000000000010000000010101
  DIP clk_4 -> 001011001100011001010100001100  0011101011110100101011000011111011001011001010100011101001111110101110110011111111111111111110001111111111
  DIP clk_5 -> 001111111010011000101100001110  0011101000000000001110010001011110011110001111100110101101010101101011110000000000001111111110000000000000
  DIP clk_6 -> 001111111000000001001000100001  1110000001110100000100111010110101110101110101011100010111101011110101000101111111100000000010001111111111
  DIP clk_7 -> 001011110001000100101000101101  1110000011110100100001101011111011101011110010111011010011111111111100100110000000011111111110000111101111
  DIP clk_8 -> 001111111110000001111010001111  1110000011110100001110010011111111011111101111100110001101111111101101100100000000001111111100001000000000
  DIP clk_9 -> 000111100000000000000000101001  1110000011110100000100111011111111111111110111111110010111111111111101100101111111101111111010001111111111
depth[10]: key-condition circuit num gates: 50164
  dis: 10 stats -> variables: 455743 clauses: 1182448 assignments: 46190  propagations: 220806448
termination checking up to round: 3. current BMC checked bound: 9
no trace up to bound 10
increasing bmc bound to 11
termination checking up to round: 3. current BMC checked bound: 9
frame: 10  stats -> variables: 495976 clauses: 1287913 assignments: 46613  propagations: 337308913
DIS iter: 10
  DIP clk_0 -> 000110111101111101111011100010  0000000000000000100011100000000000000000001000000001000000000000000000000000000000000000000000001000011101
  DIP clk_1 -> 000010101010011010111011000010  0000000000000000101011000000000000000000001000000001001001000000000010000010000000010000000010000000000000
  DIP clk_2 -> 001001011011111111000010100101  0000000000000000001110010000000100010100001101000100001101000000000011000000000000000000000010001111111111
  DIP clk_3 -> 001100001110110001110010100010  0001111011110100100001101010110001100001110000011001010011101011110110011110000000010000000010000000000000
  DIP clk_4 -> 000111011111111101100011100101  0001111001110100001110010011111111011111101111100110001101111111101111111101111111101111111110001111111111
  DIP clk_5 -> 000111000100011100100101000010  0111110011110100000100111111111111111111010111111110010110111110111111100110000000011111111110000000000000
  DIP clk_6 -> 001111110100010001100011100110  0111110000000000000100111101011110111110010111111110010110010100111011100101111111100000000010001000010101
  DIP clk_7 -> 000111111101010110101101001010  1010101001110100000100111010110101110101110101011100110111101011010101000010000000011111111110000000000000
  DIP clk_8 -> 000110010111101011010001001111  1010101001110100100001101011111011101011110010111011110011111110011100100000000000001111111110001000010101
  DIP clk_9 -> 001111100000000000000000001001  1010101110000000001110010001011110011110001111100110101100010100001001111101111111101111111101110111101111
  DIP clk_10 -> 001111100000000000000000000001  1010101111110100000100111010110101110101010101011100110110101011010101011101011000101111111101111111101111
extending to 11
depth[11]: key-condition circuit num gates: 138699
  dis: 11 stats -> variables: 584510 clauses: 1502082 assignments: 126093  propagations: 362704081
termination checking up to round: 3. current BMC checked bound: 9
no trace up to bound 11
increasing bmc bound to 12
termination checking up to round: 3. current BMC checked bound: 10
frame: 11  stats -> variables: 624743 clauses: 1607547 assignments: 126301  propagations: 446559944
DIS iter: 11
  DIP clk_0 -> 001100111101111100001110000010  0000000000000000100011100000000000000000001000000001000000000000000000000000000000000000000000001000011101
  DIP clk_1 -> 001101111011010010111111101010  0000000000000000101011000000000000000000001000000001001001000001000010000010000000010000000010000000000000
  DIP clk_2 -> 000111100000000111111111001111  0000000001110100001110010010100101010101001101000100001101101011000111000000000000000000000010001000011101
  DIP clk_3 -> 001111001100111001000000000000  1001111111110100100001101011111011101011010010111011010011111110111100111100000000000000000010000111101111
  DIP clk_4 -> 001111001001001100000000101100  1001111100000000001110010001011110011110001111100110001101010101101001111101111111101111111110001111101111
  DIP clk_5 -> 000111110110111000101010000011  0110000001110100000100111110110101110101110101011100010110101011010101000100000000001111111110000000000000
  DIP clk_6 -> 001111110011001011000110100010  0110000011110100100001101111111011101011110010111011010010111110011100100101111111100000000010001000011101
  DIP clk_7 -> 001111100001111011001011100101  0110000000000000001110010101011110011110101111100110001100010101001001100110000000011111111111100111101111
  DIP clk_8 -> 000101100101101011001111101110  1101010111110100000100111010100101110101110101011100010111101011010101001000000000001111111111001000000000
  DIP clk_9 -> 001100010101000001011100101111  1101010101110100000100111011101111111111110111111110010111111110011101101001111111101111111110000000010101
  DIP clk_10 -> 001111110010000001000011101000  1101010110000000000100111001001110111110110111111110010111010101011001101001111111101111111110001111101111
  DIP clk_11 -> 001111000000000000000000011011  1110000101110100000100111010100101110101010101011100010111101011110111010000000011001111111110000111101111
extending to 12
depth[12]: key-condition circuit num gates: 260019
  dis: 12 stats -> variables: 746062 clauses: 1903257 assignments: 229140  propagations: 532351773
termination checking up to round: 3. current BMC checked bound: 10
c
c Try to adapt solver strategies
c 
c Nothing extreme in this problem, continue with glucose default strategies.
c
reached combinational termination!

sat_time:  0.000000
term_time: 7003.086345
gen_time:  0.000000
bmc_time:  140.468560
simp_time: 70.664053
total_time: 7455.862654

dis_count: 12
dis_maxlen: 12

[1;31mkey=[0m[1;31m0[0m[1;31m0[0m[1;31m0[0m[1;31m0[0m[1;31m0[0m[1;31m0[0m[1;31m1[0m[1;31m1[0m[1;31m0[0m[1;31m0[0m[1;31m1[0m[1;31m1[0m[1;31m0[0m[1;31m0[0m[1;31m1[0m[1;31m1[0m[1;31m1[0m[1;31m1[0m[1;31m0[0m[1;31m0[0m[1;31m1[0m[1;31m1[0m[1;31m1[0m[1;31m1[0m[1;31m1[0m[1;31m1[0m[1;31m1[0m[1;31m1[0m[1;31m1[0m[1;31m1[0m[1;31m0[0m[1;31m0[0m[1;31m1[0m[1;31m1[0m[1;31m0[0m[1;31m0[0m[1;31m1[0m[1;31m1[0m[1;31m0[0m[1;31m0[0m[1;31m0[0m[1;31m0[0m[1;31m0[0m[1;31m0[0m[1;31m1[0m[1;31m1[0m[1;31m1[0m[1;31m1[0m[1;31m1[0m[1;31m1[0m[1;31m0[0m[1;31m0[0m[1;31m1[0m[1;31m1[0m[1;31m1[0m[1;31m1[0m[1;31m0[0m[1;31m0[0m[1;31m0[0m[1;31m0[0m
checking key

NEOS : /home/jonti/jonti_share/neos/bin/neos
UC Berkeley, ABC 1.01 (compiled Apr 22 2020 16:07:37)
abc 01> dsec ./tmp160860/cir1.bench  ./tmp160860/cir2.bench
Warning: 3128 registers in this network have don't-care init values.
The don't-care are assumed to be 0. The result may not verify.
Use command "print_latch" to see the init values of registers.
Use command "zero" to convert or "init" to change the values.
Networks are equivalent.  Time =     0.35 sec

equivalent

done
