enc-ckt has DFFs. running sequnetial attack...
dec method is: int
vebrosity: 0
key-condition sweeping mode: 2
BMC sweeping mode: 0
AIG mode : 0
Relative to kckt SAT-sweeping: 0
with propagation limit: -1
with mitter sweep: 0
BDD analysis option: 0
KC BDD size limit: 0
BMC bound limit: 600
frame: 0  stats -> variables: 82059 clauses: 209196 assignments: 0  propagations: 0
no trace up to bound 1
adding termination links
frame: 1  stats -> variables: 162022 clauses: 418392 assignments: 0  propagations: 526807
no trace up to bound 2
increasing bmc bound to 3
termination checking up to round: 1. current BMC checked bound: 1
frame: 2  stats -> variables: 241984 clauses: 626528 assignments: 0  propagations: 3770218
DIS iter: 0
  DIP clk_0 -> 1001000111111101100110000100010011100001100011101010111101100010101110011110111100010111001100001001110001001010010111111100101110111110101000100110011010001101010010010000011101101100100111010011101010001000101101111111011101111011010101111001001101000111010  000000000000000000000000000000000000000000000000000000000000000000000000000000000000000000000000000000000000000000000000000000000
  DIP clk_1 -> 0111010111001000011110110110000101110100000001111100011010100100100111100100010010111010011110011101010011101011110001110110010111010101001000101100000011000101100111111000011100100100001001011101010011000110000001000100001111101001010010111100101111001011010  001111101100011011000110110001101100011011000110110001101100001001000010110000100101001010111101110001101100011011000110110001100
  DIP clk_2 -> 0010110001000011100100010100100011000001010010001001001000100011001100100100001011001000000110011001111010000100011010100110010001100010000011111010101010000000011110100010001011000011101010101111001000101110100100100111101101010111000101010001011001000000000  000101111001101010001101101110010111011000011101010110101110110100011001111100100001100110010000111101000001100110101101000100010
extending to 3
depth[3]: key-condition circuit num gates: 3758
  dis: 1 stats -> variables: 245743 clauses: 635197 assignments: 2453  propagations: 7576375
termination checking up to round: 1. current BMC checked bound: 1
DIS iter: 1
  DIP clk_0 -> 1000100110101110100011001100110001000010110011100010101001100111100101011100001101110011010110001001111001011000010111110100001010010101101010100111011000000111001010110101011101001100100100000000101011001000100100111111110101111101010001011001001101100010001  000000000000000000000000000000000000000000000000000000000000000000000000000000000000000000000000000000000000000000000000000000000
  DIP clk_1 -> 1111000000010011011010110100100010010110000001111000011110110100101101100010010010111010011110110111001001111011010001011001101111010100001000101101110011000101100111111001011111100100000000011100010011000010000001000110101111101011010010111100101111110011001  001111101100011011000110110001101100011011000110110001101100001001000010110000100101001010111101110001101100011011000110110001100
  DIP clk_2 -> 0000100000010000100100010100101110000011000110001001011000110011001011100010101010001100010110111001111011000111011010101111000001100010000011111011001110000000011110100110001001000011100011101110000000101110100100100111101101010111000101010001011001001000011  110111001111011001010011110001000111011000010001001000100011101111001110111100110011100011111001101011001000011100110100100111010
depth[3]: key-condition circuit num gates: 7517
  dis: 2 stats -> variables: 249501 clauses: 643866 assignments: 5887  propagations: 19739019
termination checking up to round: 1. current BMC checked bound: 1
no trace up to bound 3
increasing bmc bound to 4
termination checking up to round: 2. current BMC checked bound: 2
frame: 3  stats -> variables: 329463 clauses: 852002 assignments: 7323  propagations: 114779171
DIS iter: 2
  DIP clk_0 -> 0110000001110111100100101001000111000000100000000110000110110101111101000111111010001111011100100001010111011100010101010111110010101111010100000101001111110101000111101010010100011000001001011000011101011010001101000010010110110100010101011101110011111111001  000000000000000000000000000000000000000000000000000000000000000000000000000000000000000000000000000000000000000000000000000000000
  DIP clk_1 -> 1000110111111111101010001011000001100110110001110100000010101010000110001000110001110101010010101101100110010000111101101110111010101000000101000000111101000110100011110000111001001101110001111000110100001010000101001101011000111110100000001111100000101101001  001111101100011011000110110001101100011011000110110001101100001001000010110000100101001010111101110001101100011011000110110001100
  DIP clk_2 -> 0110111110000100110100010001111011101110110011000100100111100101100111000110011100010000001010110001100010111011000100111101010110011110100010100010100101101101011110010100111101011001010001111001110000001101000001011011010001001100110010011111111110110111011  001101010010111101001101100110011111010001011111011010011110100110101111010011101100010011010011001001110000001100111110101000110
  DIP clk_3 -> 1011110000010100000101110010101100111000100000110010001011010010000001000000011001000010000110100110011000000001100011111001000011111000000001101011011010000011000110011010011110100100101110110110001111000011101101000101001100010111011110000010101100000100001  000010011011000000101001010111110111001001000110011101110000101101110101000111100011000100101111011010010000001000001011111100000
extending to 4
depth[4]: key-condition circuit num gates: 82713
  dis: 3 stats -> variables: 404658 clauses: 1043494 assignments: 32131  propagations: 215368893
termination checking up to round: 2. current BMC checked bound: 2
c
c Try to adapt solver strategies
c 
c Nothing extreme in this problem, continue with glucose default strategies.
c
no trace up to bound 4
increasing bmc bound to 5
termination checking up to round: 3. current BMC checked bound: 3
frame: 4  stats -> variables: 484620 clauses: 1251630 assignments: 83422  propagations: 1041910335
no trace up to bound 5
increasing bmc bound to 6
termination checking up to round: 3. current BMC checked bound: 4
frame: 5  stats -> variables: 564582 clauses: 1459766 assignments: 83963  propagations: 23582039703
no trace up to bound 6
increasing bmc bound to 7
termination checking up to round: 3. current BMC checked bound: 5
frame: 6  stats -> variables: 644544 clauses: 1667902 assignments: 84412  propagations: 27198943813
no trace up to bound 7
increasing bmc bound to 8
termination checking up to round: 3. current BMC checked bound: 6
frame: 7  stats -> variables: 724506 clauses: 1876038 assignments: 85065  propagations: 43996882489
no trace up to bound 8
increasing bmc bound to 9
termination checking up to round: 3. current BMC checked bound: 7
frame: 8  stats -> variables: 804468 clauses: 2084174 assignments: 85397  propagations: 48730570994
no trace up to bound 9
increasing bmc bound to 10
termination checking up to round: 3. current BMC checked bound: 8
frame: 9  stats -> variables: 884430 clauses: 2292310 assignments: 85900  propagations: 56845345934
no trace up to bound 10
increasing bmc bound to 11
termination checking up to round: 3. current BMC checked bound: 9
frame: 10  stats -> variables: 964392 clauses: 2500446 assignments: 86463  propagations: 72082721660
no trace up to bound 11
increasing bmc bound to 12
termination checking up to round: 3. current BMC checked bound: 10
frame: 11  stats -> variables: 1044354 clauses: 2708582 assignments: 86954  propagations: 94087591120
no trace up to bound 12
increasing bmc bound to 13
termination checking up to round: 3. current BMC checked bound: 11
frame: 12  stats -> variables: 1124316 clauses: 2916718 assignments: 87526  propagations: 121213811236
time out!
